[    60.482] (--) Log file renamed from "/home/shwetag/.local/share/xorg/Xorg.pid-1468.log" to "/home/shwetag/.local/share/xorg/Xorg.0.log"
[    60.483] 
X.Org X Server 1.20.5
X Protocol Version 11, Revision 0
[    60.484] Build Operating System: Linux 4.4.0-170-generic x86_64 Ubuntu
[    60.484] Current Operating System: Linux ubuntu 5.3.0-28-generic #30~18.04.1-Ubuntu SMP Fri Jan 17 06:14:09 UTC 2020 x86_64
[    60.484] Kernel command line: BOOT_IMAGE=/boot/vmlinuz-5.3.0-28-generic root=UUID=c8caf298-74d3-4934-96db-2098b8892fbe ro find_preseed=/preseed.cfg auto noprompt priority=critical locale=en_US quiet
[    60.484] Build Date: 18 December 2019  08:15:29AM
[    60.484] xorg-server-hwe-18.04 2:1.20.5+git20191008-0ubuntu1~18.04.1 (For technical support please see http://www.ubuntu.com/support) 
[    60.484] Current version of pixman: 0.34.0
[    60.484] 	Before reporting problems, check http://wiki.x.org
	to make sure that you have the latest version.
[    60.485] Markers: (--) probed, (**) from config file, (==) default setting,
	(++) from command line, (!!) notice, (II) informational,
	(WW) warning, (EE) error, (NI) not implemented, (??) unknown.
[    60.485] (==) Log file: "/home/shwetag/.local/share/xorg/Xorg.0.log", Time: Tue Apr  7 11:15:58 2020
[    60.486] (==) Using system config directory "/usr/share/X11/xorg.conf.d"
[    60.490] (==) No Layout section.  Using the first Screen section.
[    60.491] (==) No screen section available. Using defaults.
[    60.491] (**) |-->Screen "Default Screen Section" (0)
[    60.491] (**) |   |-->Monitor "<default monitor>"
[    60.493] (==) No monitor specified for screen "Default Screen Section".
	Using a default monitor configuration.
[    60.493] (==) Automatically adding devices
[    60.493] (==) Automatically enabling devices
[    60.494] (==) Automatically adding GPU devices
[    60.494] (==) Automatically binding GPU devices
[    60.494] (==) Max clients allowed: 256, resource mask: 0x1fffff
[    60.494] (WW) The directory "/usr/share/fonts/X11/cyrillic" does not exist.
[    60.494] 	Entry deleted from font path.
[    60.495] (WW) The directory "/usr/share/fonts/X11/100dpi/" does not exist.
[    60.495] 	Entry deleted from font path.
[    60.495] (WW) The directory "/usr/share/fonts/X11/75dpi/" does not exist.
[    60.495] 	Entry deleted from font path.
[    60.495] (WW) The directory "/usr/share/fonts/X11/100dpi" does not exist.
[    60.495] 	Entry deleted from font path.
[    60.495] (WW) The directory "/usr/share/fonts/X11/75dpi" does not exist.
[    60.495] 	Entry deleted from font path.
[    60.495] (==) FontPath set to:
	/usr/share/fonts/X11/misc,
	/usr/share/fonts/X11/Type1,
	built-ins
[    60.495] (==) ModulePath set to "/usr/lib/xorg/modules"
[    60.495] (II) The server relies on udev to provide the list of input devices.
	If no devices become available, reconfigure udev or disable AutoAddDevices.
[    60.495] (II) Loader magic: 0x55f46ee8f020
[    60.495] (II) Module ABI versions:
[    60.495] 	X.Org ANSI C Emulation: 0.4
[    60.495] 	X.Org Video Driver: 24.0
[    60.495] 	X.Org XInput driver : 24.1
[    60.495] 	X.Org Server Extension : 10.0
[    60.499] (++) using VT number 2

[    60.507] (II) systemd-logind: took control of session /org/freedesktop/login1/session/_32
[    60.517] (II) xfree86: Adding drm device (/dev/dri/card0)
[    60.523] (II) systemd-logind: got fd for /dev/dri/card0 226:0 fd 12 paused 0
[    60.561] (--) PCI:*(0@0:15:0) 15ad:0405:15ad:0405 rev 0, Mem @ 0xe8000000/134217728, 0xfe000000/8388608, I/O @ 0x00001070/16, BIOS @ 0x????????/131072
[    60.564] (II) LoadModule: "glx"
[    60.568] (II) Loading /usr/lib/xorg/modules/extensions/libglx.so
[    60.574] (II) Module glx: vendor="X.Org Foundation"
[    60.574] 	compiled for 1.20.5, module version = 1.0.0
[    60.574] 	ABI class: X.Org Server Extension, version 10.0
[    60.575] (==) Matched vmware as autoconfigured driver 0
[    60.575] (==) Matched modesetting as autoconfigured driver 1
[    60.575] (==) Matched fbdev as autoconfigured driver 2
[    60.575] (==) Matched vesa as autoconfigured driver 3
[    60.575] (==) Assigned the driver to the xf86ConfigLayout
[    60.575] (II) LoadModule: "vmware"
[    60.580] (II) Loading /usr/lib/xorg/modules/drivers/vmware_drv.so
[    60.672] (II) Module vmware: vendor="X.Org Foundation"
[    60.672] 	compiled for 1.20.1, module version = 13.3.0
[    60.672] 	Module class: X.Org Video Driver
[    60.672] 	ABI class: X.Org Video Driver, version 24.0
[    60.672] (II) LoadModule: "modesetting"
[    60.672] (II) Loading /usr/lib/xorg/modules/drivers/modesetting_drv.so
[    60.675] (II) Module modesetting: vendor="X.Org Foundation"
[    60.675] 	compiled for 1.20.5, module version = 1.20.5
[    60.675] 	Module class: X.Org Video Driver
[    60.675] 	ABI class: X.Org Video Driver, version 24.0
[    60.675] (II) LoadModule: "fbdev"
[    60.676] (II) Loading /usr/lib/xorg/modules/drivers/fbdev_drv.so
[    60.678] (II) Module fbdev: vendor="X.Org Foundation"
[    60.678] 	compiled for 1.20.1, module version = 0.5.0
[    60.679] 	Module class: X.Org Video Driver
[    60.679] 	ABI class: X.Org Video Driver, version 24.0
[    60.679] (II) LoadModule: "vesa"
[    60.679] (II) Loading /usr/lib/xorg/modules/drivers/vesa_drv.so
[    60.681] (II) Module vesa: vendor="X.Org Foundation"
[    60.681] 	compiled for 1.20.1, module version = 2.4.0
[    60.681] 	Module class: X.Org Video Driver
[    60.681] 	ABI class: X.Org Video Driver, version 24.0
[    60.681] (II) vmware: driver for VMware SVGA: vmware0405, vmware0710
[    60.681] (II) modesetting: Driver for Modesetting Kernel Drivers: kms
[    60.681] (II) FBDEV: driver for framebuffer: fbdev
[    60.681] (II) VESA: driver for VESA chipsets: vesa
[    60.682] xf86EnableIOPorts: failed to set IOPL for I/O (Operation not permitted)
[    60.682] (WW) Falling back to old probe method for modesetting
[    60.682] (WW) Falling back to old probe method for fbdev
[    60.682] (II) Loading sub module "fbdevhw"
[    60.682] (II) LoadModule: "fbdevhw"
[    60.682] (II) Loading /usr/lib/xorg/modules/libfbdevhw.so
[    60.685] (II) Module fbdevhw: vendor="X.Org Foundation"
[    60.685] 	compiled for 1.20.5, module version = 0.0.2
[    60.686] 	ABI class: X.Org Video Driver, version 24.0
[    60.686] (EE) open /dev/fb0: Permission denied
[    60.686] (WW) VGA arbiter: cannot open kernel arbiter, no multi-card support
[    60.688] (II) vmware(0): Creating default Display subsection in Screen section
	"Default Screen Section" for depth/fbbpp 24/32
[    60.688] (--) vmware(0): DRM driver version is 2.15.0
[    60.688] (==) vmware(0): Depth 24, (--) framebuffer bpp 32
[    60.688] (==) vmware(0): RGB weight 888
[    60.688] (==) vmware(0): Default visual is TrueColor
[    60.688] (--) vmware(0): Min width 1, Max Width 16384.
[    60.688] (--) vmware(0): Min height 1, Max Height 16384.
[    60.689] (II) vmware(0): Output Virtual1 has no monitor section
[    60.690] (II) vmware(0): Output Virtual2 has no monitor section
[    60.690] (II) vmware(0): Output Virtual3 has no monitor section
[    60.690] (II) vmware(0): Output Virtual4 has no monitor section
[    60.690] (II) vmware(0): Output Virtual5 has no monitor section
[    60.690] (II) vmware(0): Output Virtual6 has no monitor section
[    60.690] (II) vmware(0): Output Virtual7 has no monitor section
[    60.690] (II) vmware(0): Output Virtual8 has no monitor section
[    60.690] (II) vmware(0): Printing probed modes for output Virtual1
[    60.690] (II) vmware(0): Modeline "1718x888"x60.0  116.33  1718 1768 1818 1868  888 938 988 1038 -hsync +vsync (62.3 kHz eP)
[    60.690] (II) vmware(0): Modeline "2560x1600"x60.0  348.50  2560 2752 3032 3504  1600 1603 1609 1658 -hsync +vsync (99.5 kHz e)
[    60.690] (II) vmware(0): Modeline "1920x1440"x60.0  234.00  1920 2048 2256 2600  1440 1441 1444 1500 -hsync +vsync (90.0 kHz e)
[    60.690] (II) vmware(0): Modeline "1856x1392"x60.0  218.25  1856 1952 2176 2528  1392 1393 1396 1439 -hsync +vsync (86.3 kHz e)
[    60.690] (II) vmware(0): Modeline "1792x1344"x60.0  204.75  1792 1920 2120 2448  1344 1345 1348 1394 -hsync +vsync (83.6 kHz e)
[    60.690] (II) vmware(0): Modeline "1920x1200"x59.9  193.25  1920 2056 2256 2592  1200 1203 1209 1245 -hsync +vsync (74.6 kHz e)
[    60.690] (II) vmware(0): Modeline "1600x1200"x60.0  162.00  1600 1664 1856 2160  1200 1201 1204 1250 +hsync +vsync (75.0 kHz e)
[    60.690] (II) vmware(0): Modeline "1680x1050"x60.0  146.25  1680 1784 1960 2240  1050 1053 1059 1089 -hsync +vsync (65.3 kHz e)
[    60.690] (II) vmware(0): Modeline "1400x1050"x60.0  121.75  1400 1488 1632 1864  1050 1053 1057 1089 -hsync +vsync (65.3 kHz e)
[    60.690] (II) vmware(0): Modeline "1280x1024"x60.0  108.00  1280 1328 1440 1688  1024 1025 1028 1066 +hsync +vsync (64.0 kHz e)
[    60.690] (II) vmware(0): Modeline "1440x900"x59.9  106.50  1440 1520 1672 1904  900 903 909 934 -hsync +vsync (55.9 kHz e)
[    60.690] (II) vmware(0): Modeline "1280x960"x60.0  108.00  1280 1376 1488 1800  960 961 964 1000 +hsync +vsync (60.0 kHz e)
[    60.690] (II) vmware(0): Modeline "1360x768"x60.0   85.50  1360 1424 1536 1792  768 771 777 795 +hsync +vsync (47.7 kHz e)
[    60.690] (II) vmware(0): Modeline "1280x800"x59.8   83.50  1280 1352 1480 1680  800 803 809 831 +hsync -vsync (49.7 kHz e)
[    60.690] (II) vmware(0): Modeline "1152x864"x75.0  108.00  1152 1216 1344 1600  864 865 868 900 +hsync +vsync (67.5 kHz e)
[    60.690] (II) vmware(0): Modeline "1280x768"x59.9   79.50  1280 1344 1472 1664  768 771 778 798 -hsync +vsync (47.8 kHz e)
[    60.690] (II) vmware(0): Modeline "1024x768"x60.0   65.00  1024 1048 1184 1344  768 771 777 806 -hsync -vsync (48.4 kHz e)
[    60.690] (II) vmware(0): Modeline "800x600"x60.3   40.00  800 840 968 1056  600 601 605 628 +hsync +vsync (37.9 kHz e)
[    60.691] (II) vmware(0): Modeline "640x480"x59.9   25.18  640 656 752 800  480 489 492 525 -hsync -vsync (31.5 kHz e)
[    60.691] (II) vmware(0): EDID for output Virtual2
[    60.691] (II) vmware(0): EDID for output Virtual3
[    60.691] (II) vmware(0): EDID for output Virtual4
[    60.691] (II) vmware(0): EDID for output Virtual5
[    60.691] (II) vmware(0): EDID for output Virtual6
[    60.691] (II) vmware(0): EDID for output Virtual7
[    60.691] (II) vmware(0): EDID for output Virtual8
[    60.691] (II) vmware(0): Output Virtual1 connected
[    60.691] (II) vmware(0): Output Virtual2 disconnected
[    60.691] (II) vmware(0): Output Virtual3 disconnected
[    60.691] (II) vmware(0): Output Virtual4 disconnected
[    60.691] (II) vmware(0): Output Virtual5 disconnected
[    60.691] (II) vmware(0): Output Virtual6 disconnected
[    60.691] (II) vmware(0): Output Virtual7 disconnected
[    60.691] (II) vmware(0): Output Virtual8 disconnected
[    60.691] (II) vmware(0): Using exact sizes for initial modes
[    60.691] (II) vmware(0): Output Virtual1 using initial mode 1718x888 +0+0
[    60.691] (==) vmware(0): DPI set to (96, 96)
[    60.691] (==) vmware(0): Using gamma correction (1.0, 1.0, 1.0)
[    60.691] (II) Loading sub module "fb"
[    60.691] (II) LoadModule: "fb"
[    60.691] (II) Loading /usr/lib/xorg/modules/libfb.so
[    60.704] (II) Module fb: vendor="X.Org Foundation"
[    60.704] 	compiled for 1.20.5, module version = 1.0.0
[    60.704] 	ABI class: X.Org ANSI C Emulation, version 0.4
[    60.704] (II) Loading sub module "dri2"
[    60.704] (II) LoadModule: "dri2"
[    60.704] (II) Module "dri2" already built-in
[    60.704] (II) Loading sub module "dri3"
[    60.704] (II) LoadModule: "dri3"
[    60.704] (II) Module "dri3" already built-in
[    60.704] (II) UnloadModule: "modesetting"
[    60.704] (II) Unloading modesetting
[    60.704] (II) UnloadModule: "fbdev"
[    60.704] (II) Unloading fbdev
[    60.704] (II) UnloadSubModule: "fbdevhw"
[    60.704] (II) Unloading fbdevhw
[    60.704] (II) UnloadModule: "vesa"
[    60.704] (II) Unloading vesa
[    60.708] (II) vmware(0): Initialized VMWARE_CTRL extension version 0.2
[    60.781] (II) vmware(0): Gallium3D XA version: 2.5.0.
[    60.788] (II) vmware(0): Path of drm device is "/dev/dri/card0".
[    60.788] (II) vmware(0): [DRI2] Setup complete
[    60.788] (II) vmware(0): [DRI2]   DRI driver: vmwgfx
[    61.497] (--) vmware(0): Render acceleration is enabled.
[    61.498] (==) vmware(0): Rendercheck mode is disabled.
[    61.498] (--) vmware(0): Direct rendering (DRI2 3D) is enabled.
[    61.498] (--) vmware(0): Direct rendering (DRI3 3D) is enabled.
[    61.498] (==) vmware(0): Direct presents are disabled.
[    61.498] (==) vmware(0): Hardware only presents are automatic per scanout.
[    61.499] (==) vmware(0): Backing store enabled
[    61.499] (==) vmware(0): Silken mouse enabled
[    61.502] (==) vmware(0): DPMS enabled
[    61.503] (II) Initializing extension Generic Event Extension
[    61.509] (II) Initializing extension SHAPE
[    61.509] (II) Initializing extension MIT-SHM
[    61.510] (II) Initializing extension XInputExtension
[    61.512] (II) Initializing extension XTEST
[    61.512] (II) Initializing extension BIG-REQUESTS
[    61.512] (II) Initializing extension SYNC
[    61.513] (II) Initializing extension XKEYBOARD
[    61.516] (II) Initializing extension XC-MISC
[    61.516] (II) Initializing extension SECURITY
[    61.517] (II) Initializing extension XFIXES
[    61.517] (II) Initializing extension RENDER
[    61.517] (II) Initializing extension RANDR
[    61.518] (II) Initializing extension COMPOSITE
[    61.518] (II) Initializing extension DAMAGE
[    61.519] (II) Initializing extension MIT-SCREEN-SAVER
[    61.519] (II) Initializing extension DOUBLE-BUFFER
[    61.519] (II) Initializing extension RECORD
[    61.520] (II) Initializing extension DPMS
[    61.520] (II) Initializing extension Present
[    61.525] (II) Initializing extension DRI3
[    61.525] (II) Initializing extension X-Resource
[    61.525] (II) Initializing extension XVideo
[    61.526] (II) Initializing extension XVideo-MotionCompensation
[    61.526] (II) Initializing extension SELinux
[    61.526] (II) SELinux: Disabled on system
[    61.526] (II) Initializing extension GLX
[    61.587] (II) AIGLX: Loaded and initialized vmwgfx
[    61.588] (II) GLX: Initialized DRI2 GL provider for screen 0
[    61.588] (II) Initializing extension XFree86-VidModeExtension
[    61.588] (II) Initializing extension XFree86-DGA
[    61.589] (II) Initializing extension XFree86-DRI
[    61.589] (II) Initializing extension DRI2
[    61.612] (II) vmware(0): Setting screen physical size to 454 x 234
[    61.797] (II) config/udev: Adding input device Power Button (/dev/input/event0)
[    61.797] (**) Power Button: Applying InputClass "libinput keyboard catchall"
[    61.797] (II) LoadModule: "libinput"
[    61.797] (II) Loading /usr/lib/xorg/modules/input/libinput_drv.so
[    61.805] (II) Module libinput: vendor="X.Org Foundation"
[    61.805] 	compiled for 1.20.1, module version = 0.28.1
[    61.806] 	Module class: X.Org XInput Driver
[    61.806] 	ABI class: X.Org XInput driver, version 24.1
[    61.806] (II) Using input driver 'libinput' for 'Power Button'
[    61.824] (II) systemd-logind: got fd for /dev/input/event0 13:64 fd 24 paused 0
[    61.825] (**) Power Button: always reports core events
[    61.825] (**) Option "Device" "/dev/input/event0"
[    61.825] (**) Option "_source" "server/udev"
[    61.826] (II) event0  - Power Button: is tagged by udev as: Keyboard
[    61.827] (II) event0  - Power Button: device is a keyboard
[    61.827] (II) event0  - Power Button: device removed
[    61.829] (**) Option "config_info" "udev:/sys/devices/LNXSYSTM:00/LNXPWRBN:00/input/input0/event0"
[    61.831] (II) XINPUT: Adding extended input device "Power Button" (type: KEYBOARD, id 6)
[    61.831] (**) Option "xkb_model" "SKIP"
[    61.831] (**) Option "xkb_layout" "us"
[    61.947] (II) event0  - Power Button: is tagged by udev as: Keyboard
[    61.947] (II) event0  - Power Button: device is a keyboard
[    61.959] (II) config/udev: Adding input device VMware VMware Virtual USB Mouse (/dev/input/event2)
[    61.959] (**) VMware VMware Virtual USB Mouse: Applying InputClass "libinput pointer catchall"
[    61.960] (II) Using input driver 'libinput' for 'VMware VMware Virtual USB Mouse'
[    62.021] (II) systemd-logind: got fd for /dev/input/event2 13:66 fd 27 paused 0
[    62.021] (**) VMware VMware Virtual USB Mouse: always reports core events
[    62.022] (**) Option "Device" "/dev/input/event2"
[    62.022] (**) Option "_source" "server/udev"
[    62.022] (II) event2  - VMware VMware Virtual USB Mouse: is tagged by udev as: Mouse
[    62.023] (II) event2  - VMware VMware Virtual USB Mouse: device is a pointer
[    62.023] (II) event2  - VMware VMware Virtual USB Mouse: device removed
[    62.023] (**) Option "config_info" "udev:/sys/devices/pci0000:00/0000:00:11.0/0000:02:00.0/usb2/2-1/2-1:1.0/0003:0E0F:0003.0001/input/input3/event2"
[    62.023] (II) XINPUT: Adding extended input device "VMware VMware Virtual USB Mouse" (type: MOUSE, id 7)
[    62.023] (**) Option "AccelerationScheme" "none"
[    62.023] (**) VMware VMware Virtual USB Mouse: (accel) selected scheme none/0
[    62.023] (**) VMware VMware Virtual USB Mouse: (accel) acceleration factor: 2.000
[    62.023] (**) VMware VMware Virtual USB Mouse: (accel) acceleration threshold: 4
[    62.036] (II) event2  - VMware VMware Virtual USB Mouse: is tagged by udev as: Mouse
[    62.037] (II) event2  - VMware VMware Virtual USB Mouse: device is a pointer
[    62.043] (II) config/udev: Adding input device VMware VMware Virtual USB Mouse (/dev/input/mouse0)
[    62.044] (II) No input driver specified, ignoring this device.
[    62.044] (II) This device may have been added with another device file.
[    62.047] (II) config/udev: Adding input device AT Translated Set 2 keyboard (/dev/input/event1)
[    62.048] (**) AT Translated Set 2 keyboard: Applying InputClass "libinput keyboard catchall"
[    62.048] (II) Using input driver 'libinput' for 'AT Translated Set 2 keyboard'
[    62.050] (II) systemd-logind: got fd for /dev/input/event1 13:65 fd 28 paused 0
[    62.050] (**) AT Translated Set 2 keyboard: always reports core events
[    62.050] (**) Option "Device" "/dev/input/event1"
[    62.051] (**) Option "_source" "server/udev"
[    62.055] (II) event1  - AT Translated Set 2 keyboard: is tagged by udev as: Keyboard
[    62.055] (II) event1  - AT Translated Set 2 keyboard: device is a keyboard
[    62.056] (II) event1  - AT Translated Set 2 keyboard: device removed
[    62.056] (**) Option "config_info" "udev:/sys/devices/platform/i8042/serio0/input/input1/event1"
[    62.057] (II) XINPUT: Adding extended input device "AT Translated Set 2 keyboard" (type: KEYBOARD, id 8)
[    62.057] (**) Option "xkb_model" "SKIP"
[    62.057] (**) Option "xkb_layout" "us"
[    62.065] (II) event1  - AT Translated Set 2 keyboard: is tagged by udev as: Keyboard
[    62.065] (II) event1  - AT Translated Set 2 keyboard: device is a keyboard
[    62.074] (II) config/udev: Adding input device VirtualPS/2 VMware VMMouse (/dev/input/event4)
[    62.074] (**) VirtualPS/2 VMware VMMouse: Applying InputClass "libinput pointer catchall"
[    62.075] (II) Using input driver 'libinput' for 'VirtualPS/2 VMware VMMouse'
[    62.078] (II) systemd-logind: got fd for /dev/input/event4 13:68 fd 29 paused 0
[    62.080] (**) VirtualPS/2 VMware VMMouse: always reports core events
[    62.080] (**) Option "Device" "/dev/input/event4"
[    62.080] (**) Option "_source" "server/udev"
[    62.084] (II) event4  - VirtualPS/2 VMware VMMouse: is tagged by udev as: Mouse
[    62.084] (II) event4  - VirtualPS/2 VMware VMMouse: device is a pointer
[    62.084] (II) event4  - VirtualPS/2 VMware VMMouse: device removed
[    62.085] (**) Option "config_info" "udev:/sys/devices/platform/i8042/serio1/input/input4/event4"
[    62.085] (II) XINPUT: Adding extended input device "VirtualPS/2 VMware VMMouse" (type: MOUSE, id 9)
[    62.089] (**) Option "AccelerationScheme" "none"
[    62.090] (**) VirtualPS/2 VMware VMMouse: (accel) selected scheme none/0
[    62.090] (**) VirtualPS/2 VMware VMMouse: (accel) acceleration factor: 2.000
[    62.092] (**) VirtualPS/2 VMware VMMouse: (accel) acceleration threshold: 4
[    62.097] (II) event4  - VirtualPS/2 VMware VMMouse: is tagged by udev as: Mouse
[    62.097] (II) event4  - VirtualPS/2 VMware VMMouse: device is a pointer
[    62.099] (II) config/udev: Adding input device VirtualPS/2 VMware VMMouse (/dev/input/mouse2)
[    62.100] (II) No input driver specified, ignoring this device.
[    62.100] (II) This device may have been added with another device file.
[    62.107] (II) config/udev: Adding input device VirtualPS/2 VMware VMMouse (/dev/input/event3)
[    62.107] (**) VirtualPS/2 VMware VMMouse: Applying InputClass "libinput pointer catchall"
[    62.108] (II) Using input driver 'libinput' for 'VirtualPS/2 VMware VMMouse'
[    62.111] (II) systemd-logind: got fd for /dev/input/event3 13:67 fd 30 paused 0
[    62.111] (**) VirtualPS/2 VMware VMMouse: always reports core events
[    62.112] (**) Option "Device" "/dev/input/event3"
[    62.112] (**) Option "_source" "server/udev"
[    62.118] (II) event3  - VirtualPS/2 VMware VMMouse: is tagged by udev as: Mouse
[    62.118] (II) event3  - VirtualPS/2 VMware VMMouse: device is a pointer
[    62.118] (II) event3  - VirtualPS/2 VMware VMMouse: device removed
[    62.118] (**) Option "config_info" "udev:/sys/devices/platform/i8042/serio1/input/input5/event3"
[    62.119] (II) XINPUT: Adding extended input device "VirtualPS/2 VMware VMMouse" (type: MOUSE, id 10)
[    62.124] (**) Option "AccelerationScheme" "none"
[    62.124] (**) VirtualPS/2 VMware VMMouse: (accel) selected scheme none/0
[    62.124] (**) VirtualPS/2 VMware VMMouse: (accel) acceleration factor: 2.000
[    62.125] (**) VirtualPS/2 VMware VMMouse: (accel) acceleration threshold: 4
[    62.128] (II) event3  - VirtualPS/2 VMware VMMouse: is tagged by udev as: Mouse
[    62.129] (II) event3  - VirtualPS/2 VMware VMMouse: device is a pointer
[    62.131] (II) config/udev: Adding input device VirtualPS/2 VMware VMMouse (/dev/input/mouse1)
[    62.131] (II) No input driver specified, ignoring this device.
[    62.131] (II) This device may have been added with another device file.
[    79.563] (II) event3  - VirtualPS/2 VMware VMMouse: Enabling spurious button debouncing, see https://wayland.freedesktop.org/libinput/doc/1.10.4/button_debouncing.html for details
[   106.078] (EE) client bug: timer event3 debounce short: offset negative (-2ms)
[   167.565] (EE) client bug: timer event3 debounce: offset negative (-5ms)
[   167.904] (EE) client bug: timer event3 debounce short: offset negative (-4ms)
[  1988.448] (EE) client bug: timer event3 debounce short: offset negative (-3ms)
